<?xml version="1.0" encoding="UTF-8"?>
<!-- Generated by org.testng.reporters.JUnitXMLReporter -->
<testsuite ignored="0" hostname="D43VHYX1" failures="0" tests="3" name="Default test" time="0.105" errors="0" timestamp="2019-09-18T10:24:41 IST">
  <testcase classname="com.qa.tests.LoginTest" name="initializeDriver" time="0.022"/>
  <testcase classname="com.qa.tests.LoginTest" name="initializeDriver1" time="0.003"/>
  <testcase classname="com.qa.tests.LoginTest" name="initializeDriver2" time="0.007"/>
</testsuite> <!-- Default test -->
