<?xml version="1.0" encoding="UTF-8"?>
<testng-results ignored="0" total="1" passed="1" failed="0" skipped="0">
  <reporter-output>
  </reporter-output>
  <suite started-at="2020-03-23T00:23:14 IST" name="Default suite" finished-at="2020-03-23T00:24:07 IST" duration-ms="52973">
    <groups>
    </groups>
    <test started-at="2020-03-23T00:23:14 IST" name="Default test" finished-at="2020-03-23T00:24:07 IST" duration-ms="52973">
      <class name="com.qa.SeleniumPractice.InterviewTestIdea">
        <test-method is-config="true" signature="setUp()[pri:0, instance:com.qa.SeleniumPractice.InterviewTestIdea@94dc1ab8]" started-at="2020-03-23T00:23:14 IST" name="setUp" finished-at="2020-03-23T00:23:20 IST" duration-ms="5911" status="PASS">
          <reporter-output>
          </reporter-output>
        </test-method> <!-- setUp -->
        <test-method signature="getData()[pri:0, instance:com.qa.SeleniumPractice.InterviewTestIdea@94dc1ab8]" started-at="2020-03-23T00:23:20 IST" name="getData" finished-at="2020-03-23T00:24:06 IST" duration-ms="46058" status="PASS">
          <reporter-output>
          </reporter-output>
        </test-method> <!-- getData -->
        <test-method is-config="true" signature="tearDown()[pri:0, instance:com.qa.SeleniumPractice.InterviewTestIdea@94dc1ab8]" started-at="2020-03-23T00:24:06 IST" name="tearDown" finished-at="2020-03-23T00:24:07 IST" duration-ms="891" status="PASS">
          <reporter-output>
          </reporter-output>
        </test-method> <!-- tearDown -->
      </class> <!-- com.qa.SeleniumPractice.InterviewTestIdea -->
    </test> <!-- Default test -->
  </suite> <!-- Default suite -->
</testng-results>
