<?xml version="1.0" encoding="UTF-8"?>
<testng-results ignored="0" total="1" passed="1" failed="0" skipped="0">
  <reporter-output>
  </reporter-output>
  <suite started-at="2020-03-19T12:17:25 IST" name="Default suite" finished-at="2020-03-19T12:19:12 IST" duration-ms="106786">
    <groups>
    </groups>
    <test started-at="2020-03-19T12:17:25 IST" name="Default test" finished-at="2020-03-19T12:19:12 IST" duration-ms="106786">
      <class name="com.qa.random.CheckKeysPressINSelenium">
        <test-method signature="checkKeyPress()[pri:0, instance:com.qa.random.CheckKeysPressINSelenium@303a5f44]" started-at="2020-03-19T12:17:26 IST" name="checkKeyPress" finished-at="2020-03-19T12:19:12 IST" duration-ms="106571" status="PASS">
          <reporter-output>
          </reporter-output>
        </test-method> <!-- checkKeyPress -->
      </class> <!-- com.qa.random.CheckKeysPressINSelenium -->
    </test> <!-- Default test -->
  </suite> <!-- Default suite -->
</testng-results>
